<?xml version="1.0" encoding="UTF-8"?>
<testng-results skipped="0" failed="0" ignored="0" total="2" passed="2">
  <reporter-output>
  </reporter-output>
  <suite name="Suite new1" duration-ms="15560" started-at="2018-12-16T11:52:44Z" finished-at="2018-12-16T11:53:00Z">
    <groups>
    </groups>
    <test name="Test1" duration-ms="15560" started-at="2018-12-16T11:52:44Z" finished-at="2018-12-16T11:53:00Z">
      <class name="jenkinsPackage.Class2">
        <test-method status="PASS" signature="method1()[pri:0, instance:jenkinsPackage.Class2@3c5a99da]" name="method1" duration-ms="15484" started-at="2018-12-16T17:22:44Z" finished-at="2018-12-16T17:23:00Z">
          <reporter-output>
          </reporter-output>
        </test-method> <!-- method1 -->
      </class> <!-- jenkinsPackage.Class2 -->
      <class name="jenkinsPackage.JenkinsTest">
        <test-method status="PASS" signature="TestJenkins()[pri:0, instance:jenkinsPackage.JenkinsTest@4ec6a292]" name="TestJenkins" duration-ms="19" started-at="2018-12-16T17:22:44Z" finished-at="2018-12-16T17:22:44Z">
          <reporter-output>
          </reporter-output>
        </test-method> <!-- TestJenkins -->
      </class> <!-- jenkinsPackage.JenkinsTest -->
    </test> <!-- Test1 -->
  </suite> <!-- Suite new1 -->
</testng-results>
